<?xml version="1.0" encoding="UTF-8"?>
<testsuite xmlns:xsi="http://www.w3.org/2001/XMLSchema-instance" xsi:noNamespaceSchemaLocation="https://maven.apache.org/surefire/maven-surefire-plugin/xsd/surefire-test-report-3.0.xsd" version="3.0" name="com.example.crud.RestAPITests" time="2.668" tests="1" errors="0" skipped="0" failures="0">
  <properties>
[...]
</properties>
  <testcase name="contextLoads" classname="com.example.crud.RestAPITests" time="0.459">
    <system-out><![CDATA[16:02:01.471 [main] INFO org.springframework.test.context.support.AnnotationConfigContextLoaderUtils -- Could not detect default configuration classes for test class [com.example.crud.RestAPITests]: RestAPITests does not declare any static, non-private, non-final, nested classes annotated with @Configuration.
16:02:01.521 [main] INFO org.springframework.boot.test.context.SpringBootTestContextBootstrapper -- Found @SpringBootConfiguration com.example.crud.RestAPI for test class com.example.crud.RestAPITests
16:02:01.590 [main] INFO org.springframework.boot.devtools.restart.RestartApplicationListener -- Restart disabled due to context in which it is running

  .   ____          _            __ _ _
 /\\ / ___'_ __ _ _(_)_ __  __ _ \ \ \ \
( ( )\___ | '_ | '_| | '_ \/ _` | \ \ \ \
 \\/  ___)| |_)| | | | | || (_| |  ) ) ) )
  '  |____| .__|_| |_|_| |_\__, | / / / /
 =========|_|==============|___/=/_/_/_/
 :: Spring Boot ::               (v3.2.11)

2024-11-23T16:02:01.725+05:30  INFO 8012 --- [RestAPI] [           main] com.example.crud.RestAPITests            : Starting RestAPITests using Java 23.0.1 with PID 8012 (started by utkarshmani in /Users/utkarshmani/Desktop/GitHub/SpringBoot-Application)
2024-11-23T16:02:01.725+05:30  INFO 8012 --- [RestAPI] [           main] com.example.crud.RestAPITests            : No active profile set, falling back to 1 default profile: "default"
2024-11-23T16:02:02.004+05:30  INFO 8012 --- [RestAPI] [           main] .s.d.r.c.RepositoryConfigurationDelegate : Bootstrapping Spring Data MongoDB repositories in DEFAULT mode.
2024-11-23T16:02:02.026+05:30  INFO 8012 --- [RestAPI] [           main] .s.d.r.c.RepositoryConfigurationDelegate : Finished Spring Data repository scanning in 19 ms. Found 2 MongoDB repository interfaces.
2024-11-23T16:02:02.304+05:30  INFO 8012 --- [RestAPI] [           main] org.mongodb.driver.client                : MongoClient with metadata {"application": {"name": "Cluster0"}, "driver": {"name": "mongo-java-driver|sync|spring-boot", "version": "4.11.4"}, "os": {"type": "Darwin", "name": "Mac OS X", "architecture": "aarch64", "version": "15.1"}, "platform": "Java/Homebrew/23.0.1"} created with settings MongoClientSettings{readPreference=primary, writeConcern=WriteConcern{w=majority, wTimeout=null ms, journal=null}, retryWrites=true, retryReads=true, readConcern=ReadConcern{level=null}, credential=MongoCredential{mechanism=null, userName='utakarsht', source='admin', password=<hidden>, mechanismProperties=<hidden>}, transportSettings=null, streamFactoryFactory=null, commandListeners=[], codecRegistry=ProvidersCodecRegistry{codecProviders=[ValueCodecProvider{}, BsonValueCodecProvider{}, DBRefCodecProvider{}, DBObjectCodecProvider{}, DocumentCodecProvider{}, CollectionCodecProvider{}, IterableCodecProvider{}, MapCodecProvider{}, GeoJsonCodecProvider{}, GridFSFileCodecProvider{}, Jsr310CodecProvider{}, JsonObjectCodecProvider{}, BsonCodecProvider{}, EnumCodecProvider{}, com.mongodb.client.model.mql.ExpressionCodecProvider@4c302f38, com.mongodb.Jep395RecordCodecProvider@75aea2ba, com.mongodb.KotlinCodecProvider@2a47597]}, loggerSettings=LoggerSettings{maxDocumentLength=1000}, clusterSettings={hosts=[127.0.0.1:27017], srvHost=cluster0.qjbr5.mongodb.net, srvServiceName=mongodb, mode=MULTIPLE, requiredClusterType=REPLICA_SET, requiredReplicaSetName='atlas-qnmeqf-shard-0', serverSelector='null', clusterListeners='[]', serverSelectionTimeout='30000 ms', localThreshold='15 ms'}, socketSettings=SocketSettings{connectTimeoutMS=10000, readTimeoutMS=0, receiveBufferSize=0, proxySettings=ProxySettings{host=null, port=null, username=null, password=null}}, heartbeatSocketSettings=SocketSettings{connectTimeoutMS=10000, readTimeoutMS=10000, receiveBufferSize=0, proxySettings=ProxySettings{host=null, port=null, username=null, password=null}}, connectionPoolSettings=ConnectionPoolSettings{maxSize=100, minSize=0, maxWaitTimeMS=120000, maxConnectionLifeTimeMS=0, maxConnectionIdleTimeMS=0, maintenanceInitialDelayMS=0, maintenanceFrequencyMS=60000, connectionPoolListeners=[], maxConnecting=2}, serverSettings=ServerSettings{heartbeatFrequencyMS=10000, minHeartbeatFrequencyMS=500, serverListeners='[]', serverMonitorListeners='[]'}, sslSettings=SslSettings{enabled=true, invalidHostNameAllowed=false, context=null}, applicationName='Cluster0', compressorList=[], uuidRepresentation=JAVA_LEGACY, serverApi=null, autoEncryptionSettings=null, dnsClient=null, inetAddressResolver=null, contextProvider=null}
2024-11-23T16:02:02.351+05:30  INFO 8012 --- [RestAPI] [br5.mongodb.net] org.mongodb.driver.cluster               : Adding discovered server cluster0-shard-00-02.qjbr5.mongodb.net:27017 to client view of cluster
2024-11-23T16:02:02.364+05:30  INFO 8012 --- [RestAPI] [br5.mongodb.net] org.mongodb.driver.cluster               : Adding discovered server cluster0-shard-00-01.qjbr5.mongodb.net:27017 to client view of cluster
2024-11-23T16:02:02.366+05:30  INFO 8012 --- [RestAPI] [br5.mongodb.net] org.mongodb.driver.cluster               : Adding discovered server cluster0-shard-00-00.qjbr5.mongodb.net:27017 to client view of cluster
2024-11-23T16:02:02.456+05:30  INFO 8012 --- [RestAPI] [           main] org.mongodb.driver.cluster               : No server chosen by WritableServerSelector from cluster description ClusterDescription{type=REPLICA_SET, connectionMode=MULTIPLE, serverDescriptions=[ServerDescription{address=cluster0-shard-00-02.qjbr5.mongodb.net:27017, type=UNKNOWN, state=CONNECTING}, ServerDescription{address=cluster0-shard-00-00.qjbr5.mongodb.net:27017, type=UNKNOWN, state=CONNECTING}, ServerDescription{address=cluster0-shard-00-01.qjbr5.mongodb.net:27017, type=UNKNOWN, state=CONNECTING}]}. Waiting for 30000 ms before timing out
2024-11-23T16:02:02.877+05:30  INFO 8012 --- [RestAPI] [ngodb.net:27017] org.mongodb.driver.cluster               : Monitor thread successfully connected to server with description ServerDescription{address=cluster0-shard-00-00.qjbr5.mongodb.net:27017, type=REPLICA_SET_SECONDARY, state=CONNECTED, ok=true, minWireVersion=0, maxWireVersion=25, maxDocumentSize=16777216, logicalSessionTimeoutMinutes=30, roundTripTimeNanos=346103458, setName='atlas-qnmeqf-shard-0', canonicalAddress=cluster0-shard-00-00.qjbr5.mongodb.net:27017, hosts=[cluster0-shard-00-01.qjbr5.mongodb.net:27017, cluster0-shard-00-02.qjbr5.mongodb.net:27017, cluster0-shard-00-00.qjbr5.mongodb.net:27017], passives=[], arbiters=[], primary='cluster0-shard-00-01.qjbr5.mongodb.net:27017', tagSet=TagSet{[Tag{name='availabilityZone', value='aps1-az1'}, Tag{name='diskState', value='READY'}, Tag{name='nodeType', value='ELECTABLE'}, Tag{name='provider', value='AWS'}, Tag{name='region', value='AP_SOUTH_1'}, Tag{name='workloadType', value='OPERATIONAL'}]}, electionId=null, setVersion=140, topologyVersion=TopologyVersion{processId=673f48c59ee98927e64fc14d, counter=4}, lastWriteDate=Sat Nov 23 16:02:02 IST 2024, lastUpdateTimeNanos=17315100905541}
2024-11-23T16:02:02.877+05:30  INFO 8012 --- [RestAPI] [ngodb.net:27017] org.mongodb.driver.cluster               : Monitor thread successfully connected to server with description ServerDescription{address=cluster0-shard-00-01.qjbr5.mongodb.net:27017, type=REPLICA_SET_PRIMARY, state=CONNECTED, ok=true, minWireVersion=0, maxWireVersion=25, maxDocumentSize=16777216, logicalSessionTimeoutMinutes=30, roundTripTimeNanos=346282084, setName='atlas-qnmeqf-shard-0', canonicalAddress=cluster0-shard-00-01.qjbr5.mongodb.net:27017, hosts=[cluster0-shard-00-01.qjbr5.mongodb.net:27017, cluster0-shard-00-02.qjbr5.mongodb.net:27017, cluster0-shard-00-00.qjbr5.mongodb.net:27017], passives=[], arbiters=[], primary='cluster0-shard-00-01.qjbr5.mongodb.net:27017', tagSet=TagSet{[Tag{name='availabilityZone', value='aps1-az3'}, Tag{name='diskState', value='READY'}, Tag{name='nodeType', value='ELECTABLE'}, Tag{name='provider', value='AWS'}, Tag{name='region', value='AP_SOUTH_1'}, Tag{name='workloadType', value='OPERATIONAL'}]}, electionId=7fffffff0000000000000089, setVersion=140, topologyVersion=TopologyVersion{processId=673f481a17ba37ebef226a64, counter=6}, lastWriteDate=Sat Nov 23 16:02:02 IST 2024, lastUpdateTimeNanos=17315100905541}
2024-11-23T16:02:02.877+05:30  INFO 8012 --- [RestAPI] [ngodb.net:27017] org.mongodb.driver.cluster               : Monitor thread successfully connected to server with description ServerDescription{address=cluster0-shard-00-02.qjbr5.mongodb.net:27017, type=REPLICA_SET_SECONDARY, state=CONNECTED, ok=true, minWireVersion=0, maxWireVersion=25, maxDocumentSize=16777216, logicalSessionTimeoutMinutes=30, roundTripTimeNanos=346111666, setName='atlas-qnmeqf-shard-0', canonicalAddress=cluster0-shard-00-02.qjbr5.mongodb.net:27017, hosts=[cluster0-shard-00-01.qjbr5.mongodb.net:27017, cluster0-shard-00-02.qjbr5.mongodb.net:27017, cluster0-shard-00-00.qjbr5.mongodb.net:27017], passives=[], arbiters=[], primary='cluster0-shard-00-01.qjbr5.mongodb.net:27017', tagSet=TagSet{[Tag{name='availabilityZone', value='aps1-az2'}, Tag{name='diskState', value='READY'}, Tag{name='nodeType', value='ELECTABLE'}, Tag{name='provider', value='AWS'}, Tag{name='region', value='AP_SOUTH_1'}, Tag{name='workloadType', value='OPERATIONAL'}]}, electionId=null, setVersion=140, topologyVersion=TopologyVersion{processId=673f4a1b833191b189bc22c2, counter=3}, lastWriteDate=Sat Nov 23 16:02:02 IST 2024, lastUpdateTimeNanos=17315100896541}
2024-11-23T16:02:02.879+05:30  INFO 8012 --- [RestAPI] [ngodb.net:27017] org.mongodb.driver.cluster               : Discovered replica set primary cluster0-shard-00-01.qjbr5.mongodb.net:27017 with max election id 7fffffff0000000000000089 and max set version 140
2024-11-23T16:02:03.461+05:30  INFO 8012 --- [RestAPI] [           main] o.s.s.web.DefaultSecurityFilterChain     : Will secure any request with [org.springframework.security.web.session.DisableEncodeUrlFilter@6cbdd1c5, org.springframework.security.web.context.request.async.WebAsyncManagerIntegrationFilter@60816371, org.springframework.security.web.context.SecurityContextHolderFilter@3e753289, org.springframework.security.web.header.HeaderWriterFilter@402d6012, org.springframework.security.web.authentication.logout.LogoutFilter@37ffe4f3, org.springframework.security.web.authentication.www.BasicAuthenticationFilter@47c96f2c, org.springframework.security.web.savedrequest.RequestCacheAwareFilter@38022758, org.springframework.security.web.servletapi.SecurityContextHolderAwareRequestFilter@59fea5f5, org.springframework.security.web.authentication.AnonymousAuthenticationFilter@678586f0, org.springframework.security.web.access.ExceptionTranslationFilter@17c53dfb, org.springframework.security.web.access.intercept.AuthorizationFilter@13908f9c]
2024-11-23T16:02:03.585+05:30  INFO 8012 --- [RestAPI] [           main] com.example.crud.RestAPITests            : Started RestAPITests in 2.0 seconds (process running for 2.454)
]]></system-out>
    <system-err><![CDATA[WARNING: A Java agent has been loaded dynamically (/Users/utkarshmani/.m2/repository/net/bytebuddy/byte-buddy-agent/1.14.19/byte-buddy-agent-1.14.19.jar)
WARNING: If a serviceability tool is in use, please run with -XX:+EnableDynamicAgentLoading to hide this warning
WARNING: If a serviceability tool is not in use, please run with -Djdk.instrument.traceUsage for more information
WARNING: Dynamic loading of agents will be disallowed by default in a future release
]]></system-err>
  </testcase>
</testsuite>